214
8428 16
99270 98176 93641 92951 92701 90875 78117 71008 47424 39847 36602 33681 31962 24258 13466 11796
1996 12
83088 73587 69113 67027 63868 40074 34632 33775 30382 26562 24317 15683
3408 10
90131 75755 72808 60133 56881 52769 37749 31704 3429 1900
7629 11
92782 85034 84700 75518 63511 58322 46107 45340 44723 41662 29847
9926 19
96756 93284 90990 88696 85636 84581 83446 81947 78372 71798 64989 61502 60582 60362 56215 51440 47992 31119 28125
1113 13
92130 87168 78953 71738 70689 68200 56563 52266 51111 47297 36323 29243 5952
2347 20
97212 90660 81311 76329 73655 68990 58160 56651 52967 36611 34633 34009 27492 25196 18376 15830 12833 5867 5826 154
9566 10
85657 76358 65721 60741 57624 52477 48216 44518 41865 3302
3650 12
84962 84273 61795 59147 54281 53189 43650 35380 19999 19126 13681 9220
385 19
89658 85030 79563 78224 75198 71824 64935 62077 46061 43379 35746 29176 27961 20230 19789 10835 10430 9421 2855
240 20
95355 90766 88217 76863 76683 73126 72409 69742 69382 63303 55689 54767 49892 43496 37891 28567 21367 15674 14528 1622
6851 20
89482 88250 88064 80767 75447 75112 67363 58695 53761 34749 29042 20274 19728 13616 13606 10621 10565 7601 6744 4614
54 16
97254 84312 81349 72890 67037 66803 52778 50638 49211 42403 30585 25896 24468 16396 13920 1443
69 13
92147 86023 84681 68154 65739 61912 61389 52387 51531 35067 24952 11810 5808
2730 20
93833 91768 76645 71854 70104 67025 66784 63811 60416 54344 48575 40990 35101 27652 18595 18560 17174 13444 12548 8906
6857 15
98015 87451 86539 86137 70698 68854 63757 62817 61611 59017 20089 18415 15612 9302 716
9629 17
88717 87028 76914 69054 63036 60819 56195 51633 50041 37812 33547 30591 29531 18160 13258 8705 1721
7647 10
85014 85007 68095 64308 48307 42261 30432 29782 23892 23555
75 12
92243 90752 80304 72551 65236 45665 43815 43652 28878 28823 22522 19632
689 17
96861 94276 83589 83528 68624 49548 44581 41102 39002 35758 32873 25651 23254 18401 16470 16153 1684
3298 13
95305 84479 84332 84182 79524 68128 66225 61259 56286 53145 44067 27977 5825
5427 14
96387 95337 92912 78939 75811 70834 60495 48764 37203 33340 28677 25335 16191 13678
5017 20
97297 90889 90077 85280 71607 62360 54423 46805 33967 33319 31031 27933 20467 17889 8655 6203 4977 4919 4551 1990
1551 19
97317 97265 88606 68416 60973 57630 57225 56068 51535 44066 41567 37223 34746 21609 12481 9404 8504 4790 2684
6218 16
99660 97296 93996 90010 78879 71790 70536 66609 52549 36207 28704 26004 21458 18018 11167 9772
9689 14
99959 99039 99017 92443 82941 57232 52717 52173 41822 26460 25065 24717 20901 16618
7753 20
98850 93271 92741 91502 86372 80803 77982 73238 66184 63811 61078 58291 54794 51085 49273 42937 40904 30923 20565 1329
7407 17
99915 90246 88573 84012 75113 72956 71967 65910 64217 58136 56070 46170 41471 19051 18397 17054 5091
3659 11
93110 92167 90912 90038 81871 49798 39074 34572 31524 26962 10369
7370 17
90693 90353 82378 71647 68464 62651 55520 51133 42726 40079 35996 30860 8449 7984 7630 4885 1927
643 18
99460 87427 84711 81916 80377 73064 71602 65144 62582 55374 39678 36961 28243 23442 16021 8537 4375 1126
9806 20
91531 90405 75753 66792 66069 63040 51194 49240 48636 45685 32539 27565 26491 25166 23799 17347 7833 5999 5897 3034
998 19
94734 89149 88412 87016 84235 84043 75094 73761 71692 62563 62403 57320 48139 47320 47095 13501 10341 5972 528
1231 10
95083 93993 90934 84602 69045 67879 62763 50913 46637 24078
7586 17
95048 84757 80378 79780 79659 73573 72084 65559 49041 46510 34950 27731 27049 18042 13396 9314 8613
9422 15
95760 87083 52134 50055 48424 41978 34752 31735 25135 23606 23360 16162 4635 2232 737
7199 14
76608 74428 68792 63115 62380 61915 60924 51920 45151 38452 27031 24487 12935 14
3840 15
99721 96164 87178 85873 82945 81718 78316 77180 57288 35383 22963 21985 16237 16075 5334
1318 20
99962 98679 97398 95654 82763 81761 80494 61901 57100 55870 53550 49411 44748 33648 31460 30334 29097 15196 14868 10334
8972 18
85864 77649 75702 73211 71802 62478 53092 51830 45606 41535 30077 22086 20421 17654 16737 14273 10030 5849
8456 18
99130 92738 82828 82417 81486 75132 63525 57733 56892 35882 27441 26636 22327 15356 12378 4362 3184 586
5555 16
88406 77368 72557 53231 52666 48511 44824 43114 43089 41617 40617 26780 21604 15588 5128 3773
1463 17
93555 88137 84897 83059 80195 65170 62003 57434 55955 55163 39425 38005 33650 32396 27997 23948 3321
6833 13
98776 98092 96624 83173 66898 61538 58466 34697 19467 18881 18372 17035 133
5828 19
99593 96799 93889 92313 86146 83035 82543 81474 74067 71257 38708 32761 31959 26996 26011 19665 8329 6750 3214
6273 13
97091 95368 76040 75959 64713 62490 60312 43226 12488 12290 12008 5951 857
4208 15
87539 85074 80713 79637 77200 72542 67397 67349 65336 53764 53383 47545 11273 10595 3478
2786 14
99560 88803 72419 55427 53376 38790 37310 34993 29626 27246 25368 15562 10714 7537
4609 10
98779 88403 64112 45675 31435 27165 23197 18618 14716 4505
9249 18
86535 85493 82320 80125 77217 77057 61718 53510 46240 45659 45327 42290 39161 26252 20760 10290 8408 5205
1068 13
94162 82480 71841 58139 54924 54784 51243 43056 37593 33363 13243 4131 3180
2621 10
98977 91131 83088 80245 64707 39545 36375 26623 17450 11533
9126 11
95054 93125 92754 87725 69043 64529 50558 8598 7305 5381 5255
9161 12
88825 86004 63463 59598 58675 49589 49010 48675 43394 28820 27959 22360
5934 12
93200 83879 83038 70280 61008 43197 42818 25573 20981 10181 2096 784
1267 20
96082 91226 90776 82685 67886 66432 62486 53688 40834 39525 34469 30878 18473 17825 13994 9506 9453 5885 2829 592
3785 18
92936 88880 87922 83734 78712 74589 66502 59935 57074 56971 50592 45841 40279 35220 31957 22833 16133 10155
5229 13
92779 77406 70909 70500 50471 46851 45569 40749 40015 33429 23585 22332 21609
9679 12
99983 95311 72076 57609 47337 44680 40355 29676 21988 15921 14328 5315
8976 20
99779 99108 89239 82073 78872 74851 73120 65931 64180 53060 51487 43847 33228 12849 11277 10516 7834 6077 3108 935
8973 20
94822 82094 80592 76599 75414 72550 65888 54002 52515 43139 42555 35726 32010 20203 18526 16911 8089 6258 3804 103
9959 14
98864 96191 77174 58183 52749 44815 38560 26480 20609 14715 9752 7285 6915 4214
9259 20
99710 91925 88182 87543 75674 74440 61950 59748 56767 52538 49273 45917 41786 27699 27456 27425 26841 10014 8067 5466
8524 17
88200 74016 72968 71904 63307 57504 55501 49198 47402 43774 35140 21150 20895 17897 14017 11323 1256
322 14
98762 96607 86071 72500 65870 52127 47789 41345 37233 26229 24630 22915 11553 6746
8738 17
92795 89237 88550 69069 68221 47390 46844 42857 41936 36519 34438 33701 20614 10840 2052 1081 485
359 13
82630 81152 80041 76634 62847 52966 49664 41001 39537 30292 29604 13565 1038
518 20
96228 91668 87760 83144 77244 77077 72282 61006 58061 50495 49205 46188 45991 39438 28857 23081 18559 17225 15787 2479
4707 13
95990 85339 66824 61388 60478 52851 51038 43031 32447 26328 22690 19297 17278
2007 19
97125 90276 86760 81808 71235 68230 65964 61414 41736 38015 35018 34283 33004 31316 25632 15539 12360 9537 8237
4343 10
98499 98181 63682 51840 30423 27144 14267 7638 6854 2801
6767 16
96093 85726 82419 60472 52410 48198 46386 44190 42432 40514 38202 27318 26393 8860 6143 1299
8033 18
99271 90525 88568 87991 86261 85106 73056 68909 64948 55854 46948 44501 41502 38348 29245 26887 8024 2919
3393 13
89700 87456 83028 80043 66582 63426 55160 53682 52569 39087 38047 17335 14312
2276 15
88880 83080 80809 75298 60061 59168 53887 50057 49600 43859 40974 39529 28198 22235 16594
2509 10
99990 72907 63796 44888 42915 17423 16645 15991 14228 2006
3338 18
96339 95500 92852 88522 81041 79349 75423 73016 57310 52575 50358 42090 38233 29527 18208 7264 6544 2571
6535 11
90022 87029 86490 85998 82449 73654 58169 47292 41789 37635 36114
2926 15
79790 73405 71063 65807 64459 58374 54429 43807 40328 40243 38518 28810 3508 1535 766
6385 16
98745 97321 96401 93346 91028 84616 74546 73316 63976 63619 62682 60313 43475 27684 21740 10866
6352 18
95531 77842 66726 65044 64329 61506 49638 45271 43860 42358 42176 40118 38972 34590 31336 27570 23511 3993
1526 18
97275 90084 76068 75968 69806 69094 60687 55383 52941 50207 49380 46236 32737 32302 22533 17543 9957 6366
1870 17
97204 93475 92730 92192 92179 81883 74884 65523 60250 47604 46532 36793 32814 17983 9367 7120 772
4868 11
98677 93489 84747 83325 71536 60537 43937 34537 29978 26822 18871
3158 12
77539 74000 65580 63923 62763 45045 37816 36749 35969 32626 31781 16439
9086 17
91913 82063 77493 71945 70550 69144 68413 67525 60589 57292 52586 47245 16136 15158 4626 4132 130
7142 16
98014 76010 72642 69766 67052 61807 51013 43691 35387 31774 27558 19387 14558 5224 1585 1536
3682 16
98236 90721 72719 62604 60921 60112 42226 39526 35033 31207 26532 16664 13780 10616 4716 4708
1587 17
94412 92483 70705 62849 60721 58081 54053 51741 48070 45594 41283 32324 28079 24065 14232 12880 11356
6694 14
95283 93434 87237 81013 78535 71961 51500 47023 43114 34659 29563 27826 8661 6928
5664 19
99451 92874 90558 89379 79939 74449 71750 64089 62042 59453 56387 48407 47216 46966 35355 26666 23990 23238 6082
1812 20
97811 90159 89741 89310 87752 87679 86931 85113 81393 78892 78702 66766 65584 54479 53322 52496 52135 40192 38890 26813
4300 16
76046 70905 67648 64394 54399 46790 40386 39613 36569 31821 31061 24425 16592 14456 11033 3956
1008 18
96445 95842 84098 78515 78428 65480 57938 56557 52669 51508 49419 46188 31576 27777 27054 16964 13092 2818
165 19
91426 88798 82111 81958 78600 78531 77458 77356 76135 71402 70232 57068 56855 51720 37089 33518 29967 28355 6338
6008 20
96729 87851 84551 80558 79165 65795 60417 54791 49132 45867 43410 36282 34879 34661 29920 29348 24401 14507 11410 5250
9250 14
91350 85035 81473 64333 56990 50572 47229 44363 40283 36413 26902 22362 13243 401
5142 12
98935 94670 94091 89850 85622 84764 72353 72067 56963 38870 25283 21438
8882 18
95789 92822 83117 77284 73688 73374 71145 68935 64412 60310 60010 50808 39812 38180 32131 25142 24495 7833
7343 14
90525 80542 74988 60078 57678 54622 50309 46001 41362 40902 40618 31099 30079 23372
6235 20
98310 89751 89434 85956 78483 74048 67868 54675 51514 44347 43368 33564 27975 23126 21213 20599 16201 14188 10813 2510
6558 15
92724 92593 63398 57102 55430 39113 38168 35358 32443 29905 20371 18817 13742 8947 1310
645 13
98599 84181 55001 47155 41048 35601 34872 29121 26267 19778 18510 6448 3243
9437 18
84345 79888 78953 78864 63959 61983 57399 54626 44727 42750 29046 26585 22126 18572 15267 9879 9563 7993
858 10
83065 78640 64479 56199 54890 48049 26965 23842 22934 16748
2187 15
99474 94012 90785 81748 74771 71719 64298 58897 58501 50471 37181 36303 33483 29389 24285
2831 18
98578 95479 93973 93596 87748 82123 47150 45097 44596 38304 34178 28660 27785 23139 22273 19327 15419 3628
9781 12
81815 80745 78276 72280 66930 48639 47602 41292 34317 28096 23325 12902
7392 11
99762 94898 61742 57124 53723 41434 31634 29265 14046 12413 6165
6477 12
93840 93482 73936 72353 55151 54594 34387 30467 30083 10324 7617 3333
4604 13
98772 97600 96775 82423 66708 63847 43924 41997 39649 15376 12035 5038 2724
5444 18
98166 84560 65462 61132 53417 49271 48914 48021 47063 33361 20854 18930 18787 17988 10256 6503 3652 2622
4844 13
95477 92499 84617 72477 68542 62163 57653 53528 33064 30271 24410 15524 14200
8849 13
99175 97528 88498 78663 74292 73029 66520 62967 43003 42341 36545 19806 5223
390 12
99637 96393 93428 84434 58769 56932 56865 40025 32055 30038 17443 14246
6370 20
94898 93870 93433 91160 88380 84683 60385 48312 46583 43840 40362 37690 34253 33734 32566 32239 25601 18097 3501 427
400 13
87873 81748 78204 73180 61144 57054 50989 45706 40822 35436 31075 14683 10808
1012 12
96698 91776 83045 74354 59172 52998 33599 31213 30549 24508 23111 984
9190 20
96357 85464 82163 81730 73766 69650 64270 52626 50787 50452 45448 37077 36270 36196 30253 26855 19799 18878 6343 1958
2900 12
71673 64218 63775 51805 47321 42158 28661 21725 15207 8159 5624 314
1306 16
99346 99144 75924 75598 62833 62253 61434 49587 26765 25357 18406 11920 10249 10073 4434 1576
9521 10
95985 94174 93273 88757 55020 35497 35008 29728 18293 13325
5518 10
96274 65759 59737 53113 39802 33826 31128 22482 9698 3768
2124 16
98474 89146 86917 79976 75291 73227 65630 53071 52177 51097 45414 40359 17466 8319 7134 5909
2044 20
92294 90947 89068 84863 79761 73699 71861 69976 69029 64546 63723 63471 59429 39554 34336 29958 27066 25945 7230 2766
1091 16
94594 92944 89062 88979 85312 79246 69642 68059 52327 42433 36233 25877 23855 20787 10702 9902
3218 14
97500 95143 86848 84101 65795 59691 55521 52401 46846 37840 23405 23072 5162 1010
4658 14
96044 89209 87964 71242 52626 46938 39637 23080 19343 12533 9414 7438 2774 2620
2093 12
91657 82254 81374 71921 64266 59479 58161 51882 48718 31262 30567 15301
5006 20
95257 91079 76702 68314 64415 57867 54828 54408 53649 50106 46101 43268 39830 35815 30427 25614 21514 18289 12938 6050
5094 18
88548 82605 80524 73576 68166 67580 66827 64846 59218 49277 45437 42126 35863 35148 34413 31735 24566 4146
5840 11
70067 62095 39061 27613 18131 15468 12494 9233 8068 7708 7579
4216 12
99160 97682 90448 86874 74349 74336 68366 63470 52650 48586 45588 8104
7466 13
92083 87747 85827 71446 58751 55929 39625 38969 24447 20898 16046 13826 13300
9600 18
99091 92817 87758 84785 84139 83775 78409 77425 69973 67015 64856 56260 53341 48526 36851 35134 29343 19053
4741 14
88558 79975 79541 77687 68621 60103 56904 46894 40058 30807 29095 14982 11211 7262
3175 17
97155 94408 87567 80390 77147 53802 47318 41960 37994 36081 35385 30241 27942 22989 12851 7023 5361
1927 15
91736 86437 77772 73243 57500 45031 40567 37925 33481 32340 27236 25473 23729 23592 3347
5442 19
90500 88037 84803 82770 77040 76131 65527 50758 46339 39546 38414 31644 24380 19549 11185 8369 5966 4414 1754
1134 20
99114 98064 98053 97847 92712 86112 75431 74091 73491 64372 58042 56435 56195 54712 30164 25465 23881 23150 20869 4977
1466 12
98255 97446 91699 82007 81197 48583 40255 20079 18454 17274 13167 5870
1290 11
88267 86429 75121 56662 45281 42661 38405 36690 23762 22202 17224
9657 16
96823 95708 91483 83238 79366 59737 59324 56772 53488 50592 49748 49132 42476 21908 19761 15316
5858 14
90818 89982 86090 83611 81031 73185 71667 61045 48787 44204 36776 35106 25631 21832
4426 16
92276 83615 78751 56976 55935 54725 50660 49493 49222 38629 38032 26942 17391 4953 2486 2047
5023 19
90649 87136 85676 82184 75447 73933 72850 71227 66078 57179 54788 50887 44869 42712 32205 31201 13803 8667 5825
9614 10
97583 83437 81235 74250 64146 35009 29772 10899 7825 5167
3163 20
96248 94062 85243 71380 62759 61612 60958 44178 41984 41173 39621 38375 37797 26781 24492 20642 18068 9937 8824 2141
4820 12
98860 76438 59744 51353 47110 44794 41889 34392 33462 23528 16363 7553
2933 10
99932 88362 74500 73492 56416 51994 48831 37321 22198 7720
1192 20
97350 93879 93215 93095 73614 72602 66298 57282 46738 41635 40448 35148 24210 24015 16515 10881 7660 6912 3642 2495
7189 19
96170 92857 86771 81636 80296 72117 68642 63674 62019 54477 46994 42935 42169 36245 26964 23384 20099 17151 15573
688 18
91812 87029 81903 74377 71898 68621 60412 50065 49316 43277 30528 23263 22826 22656 17946 12536 7324 6101
874 19
92719 92235 89901 82426 75422 74434 74413 71667 65799 65360 53057 49933 47118 34062 21087 20039 19966 16240 13886
6624 13
86738 82094 80062 78491 75489 71019 65680 64750 61135 45683 38905 16173 10286
8180 14
98201 95481 78188 75155 65147 61325 54818 52039 50585 47789 41992 28946 9612 2533
4819 11
99325 90984 84548 81331 75208 63796 60756 60731 31965 26213 557
4656 18
88121 87991 87210 83099 81859 79388 68644 66921 65456 60443 60252 55114 44478 26279 20809 10071 8354 3111
5663 17
88330 81716 71284 71163 70280 62251 56926 52013 47686 45285 44330 44041 40617 37358 27257 19879 11433
5908 13
98233 97690 93760 85511 78996 76401 75011 70351 68318 55604 41873 36780 11257
1181 11
92124 83554 78261 74718 29214 28899 28042 27377 12567 5320 4193
3358 20
99469 93001 88505 87713 76535 75103 64746 56633 52329 51928 50566 49444 42331 38521 19128 8879 4134 3125 2243 509
2999 16
93224 83334 65911 61148 58715 55843 50107 47046 44434 37557 36727 30010 28479 19735 13755 11324
1903 12
97560 83885 72687 43250 34289 34099 18107 14954 12984 10986 5242 672
2373 20
99184 95985 92511 91996 90475 90410 81065 80700 80114 79075 60599 60194 57460 56102 42763 33766 29834 12505 5275 2562
5390 20
98409 96555 91957 83944 80485 76674 75021 65140 61675 46059 41659 41258 41223 37734 32506 26973 9937 6763 5053 1629
9308 12
91396 91326 90102 88640 76024 56230 56228 40543 28271 16272 13737 3306
1817 11
96901 86213 83564 81138 79166 71909 54196 47886 31560 17796 5211
9134 19
99977 89613 86535 82551 78146 67811 67797 67551 64323 61407 57053 52253 46377 44669 42836 39648 36801 13392 968
396 15
99307 89700 80406 77916 77475 75550 72713 70800 69934 59885 55748 51247 40102 29858 3402
4600 10
70670 69772 62439 44640 42989 37460 36120 22180 8445 3579
8423 16
99761 97865 90888 83657 47830 41306 38085 29615 22744 22740 19160 15879 14338 13393 11968 5489
3327 14
91558 90583 85246 74246 70104 56706 47152 43911 43851 42854 31096 27207 23936 4612
2366 15
93864 90125 78503 77114 65455 60684 51078 49368 49331 39807 31925 15075 6938 1973 1659
713 17
96448 91155 89016 87028 82198 76825 74248 61069 52742 49475 45387 40408 32643 28713 28565 8217 3566
6651 15
97922 75521 74736 71387 60822 56279 52850 51614 47244 42422 34061 24752 21468 17235 10564
1969 20
92789 88099 84262 77812 69470 69385 68251 62422 51253 46941 37785 37280 36425 36256 36173 29883 22896 16318 14936 11470
8438 20
97309 89572 84615 81484 68430 66624 61081 53808 48060 41446 38585 32997 32161 31212 28485 24174 19863 13091 10531 3114
2826 18
96238 94735 89284 69989 65409 52052 42833 42370 40478 37111 27319 27031 22339 17651 9304 8700 6595 769
4991 13
99227 94539 71099 65955 65617 52266 40319 32386 29939 12143 11289 8806 6206
8450 19
96231 74610 65968 60389 52759 48365 48071 46318 44254 42454 40969 32778 28983 28509 25301 24474 18541 14602 12668
1907 11
99838 87661 80149 60202 51976 48874 46720 32833 23642 20878 17083
7734 20
96541 95683 95387 92277 90738 76638 73853 70372 60539 59922 47672 42257 41152 27975 25989 23806 16254 12479 10068 108
3470 15
98740 88324 83206 78132 77800 73037 72116 56067 46955 44068 41087 33836 23632 20558 20222
5079 18
96146 92329 89780 81583 78166 77706 76030 75525 72914 65431 56289 51137 40742 39335 33243 22152 21014 5740
6071 10
89757 85117 69243 66149 27645 26744 24260 14499 8851 8331
4037 15
98773 90516 84441 81436 79528 57868 56820 54646 47427 37484 36940 25943 15345 14868 10238
4142 13
80979 72571 69262 68258 67800 40387 36413 35790 35576 34909 20499 12593 1438
3644 16
95866 89394 87659 77930 61786 54716 38337 34353 29824 29163 19596 16804 8942 8768 2771 1817
2131 19
99241 98680 96149 96117 83882 70660 63610 60033 58267 57250 49793 40821 39127 35568 32293 30118 28303 5323 4950
426 11
98210 89569 69733 63707 49744 48728 47318 44266 34598 6427 5242
7748 20
90231 90146 86220 81834 71239 62119 58724 56177 47953 47744 35936 34170 29529 19456 17877 9768 9749 6903 5310 2479
9306 12
98970 95861 90894 80450 69169 47157 44708 34662 32342 22966 22396 19547
8471 18
96319 95942 94993 94936 88411 85198 84197 82112 78117 69879 59116 56064 55075 35984 34159 33641 16276 8621
7253 15
88392 87335 86415 57294 53818 50889 49344 37258 36953 31017 29308 12126 7500 6343 980
4895 14
98876 93867 92307 88698 78650 72747 44937 41089 35229 32581 26707 21696 14277 10040
2177 18
87213 85483 74391 72534 68404 66445 65697 64068 55049 48816 39013 31104 30923 25795 25679 11461 8483 8328
2791 13
94423 90458 79406 74206 59542 45527 35754 19717 17394 17202 9113 3902 237
7579 10
94876 94363 90586 38358 28899 20713 15040 14658 13707 4869
2037 12
87759 84588 73499 70589 59677 56896 50694 41347 35709 35150 17353 11349
9188 10
97307 89639 68249 62816 39482 34212 31659 24967 15639 6180
1596 15
99733 79620 76098 75356 66979 60540 43430 30880 29111 25014 19531 15116 11141 5745 2125
2405 10
94650 90529 84313 74637 63306 47038 45317 37131 23160 12715
1710 20
97475 88922 87730 87138 82128 81702 79794 72811 70407 69544 54573 49003 40172 28593 24420 23575 18689 16624 12570 8315
7325 15
86616 83174 78626 64475 51877 51100 50907 50765 50295 46360 45772 35441 30357 15623 10541
4987 15
98236 97016 92545 85808 83561 82912 77044 76805 55427 41791 25111 24986 21565 19561 10586
4255 20
99761 96564 86820 86341 86205 82795 81866 80831 77860 72649 67242 64636 63616 56287 49819 43634 36939 30433 26711 4701
4543 13
85921 74817 73702 71611 61900 52797 49878 35916 13627 11018 8281 2411 491
988 12
94636 82782 79548 63674 60135 51099 44001 30576 25124 6369 5653 680
5907 16
99556 96248 94829 86553 73383 67432 57638 44730 42866 37812 33387 23860 14760 8334 8164 4250
502 15
89758 85597 72213 63241 61131 51243 36532 35952 35353 32577 23199 9270 5640 1875 652
86 20
99786 96175 92133 85049 72443 62883 62817 49254 47605 43935 42084 41539 40976 36423 25588 16121 10795 7957 7112 3767
4077 15
92882 90010 82847 80141 57190 50568 49514 38701 36959 36514 31984 30650 24347 10864 759
2036 20
98617 94494 93088 92696 84093 83164 83062 81755 81429 63312 51581 45700 40670 34011 27844 24556 21988 16038 13604 4076

